[0.007s] Invoking command in '/home/jesvin-paul/ros2_ws/src/build/ros2_fundamentals_examples': CMAKE_PREFIX_PATH=${CMAKE_PREFIX_PATH}:/opt/ros/jazzy DEBUGINFOD_URLS=https://debuginfod.ubuntu.com /usr/bin/cmake /home/jesvin-paul/ros2_ws/src/ros2_fundamentals_examples -DCMAKE_INSTALL_PREFIX=/home/jesvin-paul/ros2_ws/src/install/ros2_fundamentals_examples
[0.531s] -- The C compiler identification is GNU 13.3.0
[0.597s] -- The CXX compiler identification is GNU 13.3.0
[0.641s] -- Detecting C compiler ABI info
[0.809s] -- Detecting C compiler ABI info - done
[0.818s] -- Check for working C compiler: /usr/bin/cc - skipped
[0.818s] -- Detecting C compile features
[0.819s] -- Detecting C compile features - done
[0.827s] -- Detecting CXX compiler ABI info
[0.916s] -- Detecting CXX compiler ABI info - done
[0.926s] -- Check for working CXX compiler: /usr/bin/c++ - skipped
[0.927s] -- Detecting CXX compile features
[0.927s] -- Detecting CXX compile features - done
[0.968s] -- Found ament_cmake: 2.5.4 (/opt/ros/jazzy/share/ament_cmake/cmake)
[1.153s] -- Found Python3: /usr/bin/python3 (found version "3.12.3") found components: Interpreter 
[1.364s] -- Found rclcpp: 28.1.10 (/opt/ros/jazzy/share/rclcpp/cmake)
[1.499s] -- Found rosidl_generator_c: 4.6.5 (/opt/ros/jazzy/share/rosidl_generator_c/cmake)
[1.552s] -- Found rosidl_generator_cpp: 4.6.5 (/opt/ros/jazzy/share/rosidl_generator_cpp/cmake)
[1.607s] -- Using all available rosidl_typesupport_c: rosidl_typesupport_fastrtps_c;rosidl_typesupport_introspection_c
[1.652s] -- Using all available rosidl_typesupport_cpp: rosidl_typesupport_fastrtps_cpp;rosidl_typesupport_introspection_cpp
[1.874s] -- Found rmw_implementation_cmake: 7.3.2 (/opt/ros/jazzy/share/rmw_implementation_cmake/cmake)
[1.884s] -- Found rmw_fastrtps_cpp: 8.4.2 (/opt/ros/jazzy/share/rmw_fastrtps_cpp/cmake)
[2.105s] -- Found OpenSSL: /usr/lib/x86_64-linux-gnu/libcrypto.so (found version "3.0.13")  
[2.155s] -- Found FastRTPS: /opt/ros/jazzy/include (Required is at least version "2.13") 
[2.184s] -- Using RMW implementation 'rmw_fastrtps_cpp' as default
[2.338s] -- Found rclpy: 7.1.4 (/opt/ros/jazzy/share/rclpy/cmake)
[2.352s] -- Found std_msgs: 5.3.6 (/opt/ros/jazzy/share/std_msgs/cmake)
[2.511s] -- Found ament_lint_auto: 0.17.2 (/opt/ros/jazzy/share/ament_lint_auto/cmake)
[2.724s] -- Added test 'cppcheck' to perform static code analysis on C / C++ code
[2.726s] -- Configured cppcheck include dirs: /home/jesvin-paul/ros2_ws/src/ros2_fundamentals_examples/include
[2.727s] -- Configured cppcheck exclude dirs and/or files: 
[2.731s] -- Added test 'flake8' to check Python code syntax and style conventions
[2.731s] -- Configured 'flake8' exclude dirs and/or files: 
[2.733s] -- Added test 'lint_cmake' to check CMake code style
[2.733s] -- Added test 'pep257' to check Python code against some of the docstring style conventions in PEP 257
[2.735s] -- Added test 'uncrustify' to check C / C++ code style
[2.735s] -- Configured uncrustify additional arguments: 
[2.737s] -- Added test 'xmllint' to check XML markup files
[2.746s] -- Configuring done (2.7s)
[2.810s] -- Generating done (0.0s)
[2.820s] -- Build files have been written to: /home/jesvin-paul/ros2_ws/src/build/ros2_fundamentals_examples
[2.834s] Invoked command in '/home/jesvin-paul/ros2_ws/src/build/ros2_fundamentals_examples' returned '0': CMAKE_PREFIX_PATH=${CMAKE_PREFIX_PATH}:/opt/ros/jazzy DEBUGINFOD_URLS=https://debuginfod.ubuntu.com /usr/bin/cmake /home/jesvin-paul/ros2_ws/src/ros2_fundamentals_examples -DCMAKE_INSTALL_PREFIX=/home/jesvin-paul/ros2_ws/src/install/ros2_fundamentals_examples
[2.835s] Invoking command in '/home/jesvin-paul/ros2_ws/src/build/ros2_fundamentals_examples': CMAKE_PREFIX_PATH=${CMAKE_PREFIX_PATH}:/opt/ros/jazzy DEBUGINFOD_URLS=https://debuginfod.ubuntu.com /usr/bin/cmake --build /home/jesvin-paul/ros2_ws/src/build/ros2_fundamentals_examples -- -j8 -l8
[2.881s] [ 50%] [32mBuilding CXX object CMakeFiles/minimal_cpp_subscriber.dir/src/cpp_minimal_subscriber.cpp.o[0m
[2.881s] [ 50%] [32mBuilding CXX object CMakeFiles/minimal_cpp_publisher.dir/src/cpp_minimal_publisher.cpp.o[0m
[2.889s] [ 50%] Built target ament_cmake_python_copy_ros2_fundamentals_examples
[3.112s] running egg_info
[3.113s] creating ros2_fundamentals_examples.egg-info
[3.134s] writing ros2_fundamentals_examples.egg-info/PKG-INFO
[3.134s] writing dependency_links to ros2_fundamentals_examples.egg-info/dependency_links.txt
[3.135s] writing top-level names to ros2_fundamentals_examples.egg-info/top_level.txt
[3.135s] writing manifest file 'ros2_fundamentals_examples.egg-info/SOURCES.txt'
[3.199s] reading manifest file 'ros2_fundamentals_examples.egg-info/SOURCES.txt'
[3.199s] writing manifest file 'ros2_fundamentals_examples.egg-info/SOURCES.txt'
[3.230s] [ 50%] Built target ament_cmake_python_build_ros2_fundamentals_examples_egg
[6.743s] [ 75%] [32m[1mLinking CXX executable minimal_cpp_publisher[0m
[6.915s] [ 75%] Built target minimal_cpp_publisher
[9.685s] [100%] [32m[1mLinking CXX executable minimal_cpp_subscriber[0m
[9.918s] [100%] Built target minimal_cpp_subscriber
[9.929s] Invoked command in '/home/jesvin-paul/ros2_ws/src/build/ros2_fundamentals_examples' returned '0': CMAKE_PREFIX_PATH=${CMAKE_PREFIX_PATH}:/opt/ros/jazzy DEBUGINFOD_URLS=https://debuginfod.ubuntu.com /usr/bin/cmake --build /home/jesvin-paul/ros2_ws/src/build/ros2_fundamentals_examples -- -j8 -l8
[9.938s] Invoking command in '/home/jesvin-paul/ros2_ws/src/build/ros2_fundamentals_examples': CMAKE_PREFIX_PATH=${CMAKE_PREFIX_PATH}:/opt/ros/jazzy DEBUGINFOD_URLS=https://debuginfod.ubuntu.com /usr/bin/cmake --install /home/jesvin-paul/ros2_ws/src/build/ros2_fundamentals_examples
[9.945s] -- Install configuration: ""
[9.945s] -- Installing: /home/jesvin-paul/ros2_ws/src/install/ros2_fundamentals_examples/share/ros2_fundamentals_examples/ros2_fundamentals_examples
[9.945s] -- Installing: /home/jesvin-paul/ros2_ws/src/install/ros2_fundamentals_examples/share/ros2_fundamentals_examples/ros2_fundamentals_examples/__init__.py
[9.945s] -- Installing: /home/jesvin-paul/ros2_ws/src/install/ros2_fundamentals_examples/share/ros2_fundamentals_examples/ros2_fundamentals_examples/py_minimal_subscriber.py
[9.945s] -- Installing: /home/jesvin-paul/ros2_ws/src/install/ros2_fundamentals_examples/share/ros2_fundamentals_examples/ros2_fundamentals_examples/py_minimal_publisher.py
[9.945s] -- Installing: /home/jesvin-paul/ros2_ws/src/install/ros2_fundamentals_examples/include
[9.946s] -- Installing: /home/jesvin-paul/ros2_ws/src/install/ros2_fundamentals_examples/include/ros2_fundamentals_examples
[9.946s] -- Installing: /home/jesvin-paul/ros2_ws/src/install/ros2_fundamentals_examples/lib/ros2_fundamentals_examples/minimal_cpp_publisher
[9.946s] -- Set non-toolchain portion of runtime path of "/home/jesvin-paul/ros2_ws/src/install/ros2_fundamentals_examples/lib/ros2_fundamentals_examples/minimal_cpp_publisher" to ""
[9.946s] -- Installing: /home/jesvin-paul/ros2_ws/src/install/ros2_fundamentals_examples/lib/ros2_fundamentals_examples/minimal_cpp_subscriber
[9.949s] -- Set non-toolchain portion of runtime path of "/home/jesvin-paul/ros2_ws/src/install/ros2_fundamentals_examples/lib/ros2_fundamentals_examples/minimal_cpp_subscriber" to ""
[9.950s] -- Installing: /home/jesvin-paul/ros2_ws/src/install/ros2_fundamentals_examples/share/ros2_fundamentals_examples/environment/pythonpath.sh
[9.950s] -- Installing: /home/jesvin-paul/ros2_ws/src/install/ros2_fundamentals_examples/share/ros2_fundamentals_examples/environment/pythonpath.dsv
[9.950s] -- Installing: /home/jesvin-paul/ros2_ws/src/install/ros2_fundamentals_examples/lib/python3.12/site-packages/ros2_fundamentals_examples-0.0.0-py3.12.egg-info
[9.950s] -- Installing: /home/jesvin-paul/ros2_ws/src/install/ros2_fundamentals_examples/lib/python3.12/site-packages/ros2_fundamentals_examples-0.0.0-py3.12.egg-info/top_level.txt
[9.950s] -- Installing: /home/jesvin-paul/ros2_ws/src/install/ros2_fundamentals_examples/lib/python3.12/site-packages/ros2_fundamentals_examples-0.0.0-py3.12.egg-info/dependency_links.txt
[9.950s] -- Installing: /home/jesvin-paul/ros2_ws/src/install/ros2_fundamentals_examples/lib/python3.12/site-packages/ros2_fundamentals_examples-0.0.0-py3.12.egg-info/PKG-INFO
[9.950s] -- Installing: /home/jesvin-paul/ros2_ws/src/install/ros2_fundamentals_examples/lib/python3.12/site-packages/ros2_fundamentals_examples-0.0.0-py3.12.egg-info/SOURCES.txt
[9.950s] -- Installing: /home/jesvin-paul/ros2_ws/src/install/ros2_fundamentals_examples/lib/python3.12/site-packages/ros2_fundamentals_examples
[9.950s] -- Installing: /home/jesvin-paul/ros2_ws/src/install/ros2_fundamentals_examples/lib/python3.12/site-packages/ros2_fundamentals_examples/__init__.py
[9.951s] -- Installing: /home/jesvin-paul/ros2_ws/src/install/ros2_fundamentals_examples/lib/python3.12/site-packages/ros2_fundamentals_examples/py_minimal_subscriber.py
[9.951s] -- Installing: /home/jesvin-paul/ros2_ws/src/install/ros2_fundamentals_examples/lib/python3.12/site-packages/ros2_fundamentals_examples/py_minimal_publisher.py
[9.984s] Listing '/home/jesvin-paul/ros2_ws/src/install/ros2_fundamentals_examples/lib/python3.12/site-packages/ros2_fundamentals_examples'...
[9.985s] Compiling '/home/jesvin-paul/ros2_ws/src/install/ros2_fundamentals_examples/lib/python3.12/site-packages/ros2_fundamentals_examples/__init__.py'...
[9.985s] Compiling '/home/jesvin-paul/ros2_ws/src/install/ros2_fundamentals_examples/lib/python3.12/site-packages/ros2_fundamentals_examples/py_minimal_publisher.py'...
[9.985s] Compiling '/home/jesvin-paul/ros2_ws/src/install/ros2_fundamentals_examples/lib/python3.12/site-packages/ros2_fundamentals_examples/py_minimal_subscriber.py'...
[9.990s] -- Installing: /home/jesvin-paul/ros2_ws/src/install/ros2_fundamentals_examples/lib/ros2_fundamentals_examples/py_minimal_publisher.py
[9.990s] -- Installing: /home/jesvin-paul/ros2_ws/src/install/ros2_fundamentals_examples/share/ament_index/resource_index/package_run_dependencies/ros2_fundamentals_examples
[9.990s] -- Installing: /home/jesvin-paul/ros2_ws/src/install/ros2_fundamentals_examples/share/ament_index/resource_index/parent_prefix_path/ros2_fundamentals_examples
[9.990s] -- Installing: /home/jesvin-paul/ros2_ws/src/install/ros2_fundamentals_examples/share/ros2_fundamentals_examples/environment/ament_prefix_path.sh
[9.991s] -- Installing: /home/jesvin-paul/ros2_ws/src/install/ros2_fundamentals_examples/share/ros2_fundamentals_examples/environment/ament_prefix_path.dsv
[9.991s] -- Installing: /home/jesvin-paul/ros2_ws/src/install/ros2_fundamentals_examples/share/ros2_fundamentals_examples/environment/path.sh
[9.991s] -- Installing: /home/jesvin-paul/ros2_ws/src/install/ros2_fundamentals_examples/share/ros2_fundamentals_examples/environment/path.dsv
[9.991s] -- Installing: /home/jesvin-paul/ros2_ws/src/install/ros2_fundamentals_examples/share/ros2_fundamentals_examples/local_setup.bash
[9.991s] -- Installing: /home/jesvin-paul/ros2_ws/src/install/ros2_fundamentals_examples/share/ros2_fundamentals_examples/local_setup.sh
[9.991s] -- Installing: /home/jesvin-paul/ros2_ws/src/install/ros2_fundamentals_examples/share/ros2_fundamentals_examples/local_setup.zsh
[9.992s] -- Installing: /home/jesvin-paul/ros2_ws/src/install/ros2_fundamentals_examples/share/ros2_fundamentals_examples/local_setup.dsv
[9.992s] -- Installing: /home/jesvin-paul/ros2_ws/src/install/ros2_fundamentals_examples/share/ros2_fundamentals_examples/package.dsv
[9.992s] -- Installing: /home/jesvin-paul/ros2_ws/src/install/ros2_fundamentals_examples/share/ament_index/resource_index/packages/ros2_fundamentals_examples
[9.992s] -- Installing: /home/jesvin-paul/ros2_ws/src/install/ros2_fundamentals_examples/share/ros2_fundamentals_examples/cmake/ament_cmake_export_include_directories-extras.cmake
[9.992s] -- Installing: /home/jesvin-paul/ros2_ws/src/install/ros2_fundamentals_examples/share/ros2_fundamentals_examples/cmake/ros2_fundamentals_examplesConfig.cmake
[9.992s] -- Installing: /home/jesvin-paul/ros2_ws/src/install/ros2_fundamentals_examples/share/ros2_fundamentals_examples/cmake/ros2_fundamentals_examplesConfig-version.cmake
[9.992s] -- Installing: /home/jesvin-paul/ros2_ws/src/install/ros2_fundamentals_examples/share/ros2_fundamentals_examples/package.xml
[9.995s] Invoked command in '/home/jesvin-paul/ros2_ws/src/build/ros2_fundamentals_examples' returned '0': CMAKE_PREFIX_PATH=${CMAKE_PREFIX_PATH}:/opt/ros/jazzy DEBUGINFOD_URLS=https://debuginfod.ubuntu.com /usr/bin/cmake --install /home/jesvin-paul/ros2_ws/src/build/ros2_fundamentals_examples
